<?xml version="1.0" encoding="UTF-8"?>
<testsuite xmlns:xsi="http://www.w3.org/2001/XMLSchema-instance" xsi:noNamespaceSchemaLocation="https://maven.apache.org/surefire/maven-surefire-plugin/xsd/surefire-test-report.xsd" name="com.qa.tests.DemoTest" time="0.524" tests="4" errors="0" skipped="0" failures="0">
  <properties>
    <property name="gopherProxySet" value="false"/>
    <property name="awt.toolkit" value="sun.lwawt.macosx.LWCToolkit"/>
    <property name="java.specification.version" value="11"/>
    <property name="sun.cpu.isalist" value=""/>
    <property name="sun.jnu.encoding" value="UTF-8"/>
    <property name="java.class.path" value="/Users/fatima/Desktop/Reza/JAVA/MavenDemoTest/target/test-classes:/Users/fatima/Desktop/Reza/JAVA/MavenDemoTest/target/classes:/Users/fatima/.m2/repository/org/testng/testng/6.14.3/testng-6.14.3.jar:/Users/fatima/.m2/repository/com/beust/jcommander/1.72/jcommander-1.72.jar:/Users/fatima/.m2/repository/org/apache-extras/beanshell/bsh/2.0b6/bsh-2.0b6.jar:/Users/fatima/.m2/repository/org/seleniumhq/selenium/selenium-java/3.11.0/selenium-java-3.11.0.jar:/Users/fatima/.m2/repository/org/seleniumhq/selenium/selenium-api/3.11.0/selenium-api-3.11.0.jar:/Users/fatima/.m2/repository/org/seleniumhq/selenium/selenium-chrome-driver/3.11.0/selenium-chrome-driver-3.11.0.jar:/Users/fatima/.m2/repository/org/seleniumhq/selenium/selenium-edge-driver/3.11.0/selenium-edge-driver-3.11.0.jar:/Users/fatima/.m2/repository/org/seleniumhq/selenium/selenium-firefox-driver/3.11.0/selenium-firefox-driver-3.11.0.jar:/Users/fatima/.m2/repository/org/seleniumhq/selenium/selenium-ie-driver/3.11.0/selenium-ie-driver-3.11.0.jar:/Users/fatima/.m2/repository/org/seleniumhq/selenium/selenium-opera-driver/3.11.0/selenium-opera-driver-3.11.0.jar:/Users/fatima/.m2/repository/org/seleniumhq/selenium/selenium-remote-driver/3.11.0/selenium-remote-driver-3.11.0.jar:/Users/fatima/.m2/repository/org/seleniumhq/selenium/selenium-safari-driver/3.11.0/selenium-safari-driver-3.11.0.jar:/Users/fatima/.m2/repository/org/seleniumhq/selenium/selenium-support/3.11.0/selenium-support-3.11.0.jar:/Users/fatima/.m2/repository/net/bytebuddy/byte-buddy/1.7.9/byte-buddy-1.7.9.jar:/Users/fatima/.m2/repository/org/apache/commons/commons-exec/1.3/commons-exec-1.3.jar:/Users/fatima/.m2/repository/commons-codec/commons-codec/1.10/commons-codec-1.10.jar:/Users/fatima/.m2/repository/commons-logging/commons-logging/1.2/commons-logging-1.2.jar:/Users/fatima/.m2/repository/com/google/code/gson/gson/2.8.2/gson-2.8.2.jar:/Users/fatima/.m2/repository/com/google/guava/guava/23.6-jre/guava-23.6-jre.jar:/Users/fatima/.m2/repository/com/google/code/findbugs/jsr305/1.3.9/jsr305-1.3.9.jar:/Users/fatima/.m2/repository/org/checkerframework/checker-compat-qual/2.0.0/checker-compat-qual-2.0.0.jar:/Users/fatima/.m2/repository/com/google/errorprone/error_prone_annotations/2.1.3/error_prone_annotations-2.1.3.jar:/Users/fatima/.m2/repository/com/google/j2objc/j2objc-annotations/1.1/j2objc-annotations-1.1.jar:/Users/fatima/.m2/repository/org/codehaus/mojo/animal-sniffer-annotations/1.14/animal-sniffer-annotations-1.14.jar:/Users/fatima/.m2/repository/org/apache/httpcomponents/httpclient/4.5.3/httpclient-4.5.3.jar:/Users/fatima/.m2/repository/org/apache/httpcomponents/httpcore/4.4.6/httpcore-4.4.6.jar:/Users/fatima/.m2/repository/com/squareup/okhttp3/okhttp/3.9.1/okhttp-3.9.1.jar:/Users/fatima/.m2/repository/com/squareup/okio/okio/1.13.0/okio-1.13.0.jar:/Users/fatima/.m2/repository/org/apache/maven/surefire/surefire-testng-utils/2.21.0/surefire-testng-utils-2.21.0.jar:/Users/fatima/.m2/repository/org/apache/maven/surefire/surefire-grouper/2.21.0/surefire-grouper-2.21.0.jar:"/>
    <property name="java.vm.vendor" value="Oracle Corporation"/>
    <property name="sun.arch.data.model" value="64"/>
    <property name="java.vendor.url" value="https://openjdk.java.net/"/>
    <property name="user.timezone" value=""/>
    <property name="java.vm.specification.version" value="11"/>
    <property name="os.name" value="Mac OS X"/>
    <property name="sun.java.launcher" value="SUN_STANDARD"/>
    <property name="user.country" value="US"/>
    <property name="sun.boot.library.path" value="/Library/Java/JavaVirtualMachines/jdk-11.0.7.jdk/Contents/Home/lib"/>
    <property name="sun.java.command" value="/Users/fatima/Desktop/Reza/JAVA/MavenDemoTest/target/surefire/surefirebooter6104811010256768615.jar /Users/fatima/Desktop/Reza/JAVA/MavenDemoTest/target/surefire 2020-05-19T01-20-42_692-jvmRun1 surefire15336012840647350993tmp surefire_011033171070734072637tmp"/>
    <property name="http.nonProxyHosts" value="local|*.local|169.254/16|*.169.254/16"/>
    <property name="jdk.debug" value="release"/>
    <property name="surefire.test.class.path" value="/Users/fatima/Desktop/Reza/JAVA/MavenDemoTest/target/test-classes:/Users/fatima/Desktop/Reza/JAVA/MavenDemoTest/target/classes:/Users/fatima/.m2/repository/org/testng/testng/6.14.3/testng-6.14.3.jar:/Users/fatima/.m2/repository/com/beust/jcommander/1.72/jcommander-1.72.jar:/Users/fatima/.m2/repository/org/apache-extras/beanshell/bsh/2.0b6/bsh-2.0b6.jar:/Users/fatima/.m2/repository/org/seleniumhq/selenium/selenium-java/3.11.0/selenium-java-3.11.0.jar:/Users/fatima/.m2/repository/org/seleniumhq/selenium/selenium-api/3.11.0/selenium-api-3.11.0.jar:/Users/fatima/.m2/repository/org/seleniumhq/selenium/selenium-chrome-driver/3.11.0/selenium-chrome-driver-3.11.0.jar:/Users/fatima/.m2/repository/org/seleniumhq/selenium/selenium-edge-driver/3.11.0/selenium-edge-driver-3.11.0.jar:/Users/fatima/.m2/repository/org/seleniumhq/selenium/selenium-firefox-driver/3.11.0/selenium-firefox-driver-3.11.0.jar:/Users/fatima/.m2/repository/org/seleniumhq/selenium/selenium-ie-driver/3.11.0/selenium-ie-driver-3.11.0.jar:/Users/fatima/.m2/repository/org/seleniumhq/selenium/selenium-opera-driver/3.11.0/selenium-opera-driver-3.11.0.jar:/Users/fatima/.m2/repository/org/seleniumhq/selenium/selenium-remote-driver/3.11.0/selenium-remote-driver-3.11.0.jar:/Users/fatima/.m2/repository/org/seleniumhq/selenium/selenium-safari-driver/3.11.0/selenium-safari-driver-3.11.0.jar:/Users/fatima/.m2/repository/org/seleniumhq/selenium/selenium-support/3.11.0/selenium-support-3.11.0.jar:/Users/fatima/.m2/repository/net/bytebuddy/byte-buddy/1.7.9/byte-buddy-1.7.9.jar:/Users/fatima/.m2/repository/org/apache/commons/commons-exec/1.3/commons-exec-1.3.jar:/Users/fatima/.m2/repository/commons-codec/commons-codec/1.10/commons-codec-1.10.jar:/Users/fatima/.m2/repository/commons-logging/commons-logging/1.2/commons-logging-1.2.jar:/Users/fatima/.m2/repository/com/google/code/gson/gson/2.8.2/gson-2.8.2.jar:/Users/fatima/.m2/repository/com/google/guava/guava/23.6-jre/guava-23.6-jre.jar:/Users/fatima/.m2/repository/com/google/code/findbugs/jsr305/1.3.9/jsr305-1.3.9.jar:/Users/fatima/.m2/repository/org/checkerframework/checker-compat-qual/2.0.0/checker-compat-qual-2.0.0.jar:/Users/fatima/.m2/repository/com/google/errorprone/error_prone_annotations/2.1.3/error_prone_annotations-2.1.3.jar:/Users/fatima/.m2/repository/com/google/j2objc/j2objc-annotations/1.1/j2objc-annotations-1.1.jar:/Users/fatima/.m2/repository/org/codehaus/mojo/animal-sniffer-annotations/1.14/animal-sniffer-annotations-1.14.jar:/Users/fatima/.m2/repository/org/apache/httpcomponents/httpclient/4.5.3/httpclient-4.5.3.jar:/Users/fatima/.m2/repository/org/apache/httpcomponents/httpcore/4.4.6/httpcore-4.4.6.jar:/Users/fatima/.m2/repository/com/squareup/okhttp3/okhttp/3.9.1/okhttp-3.9.1.jar:/Users/fatima/.m2/repository/com/squareup/okio/okio/1.13.0/okio-1.13.0.jar:/Users/fatima/.m2/repository/org/apache/maven/surefire/surefire-testng-utils/2.21.0/surefire-testng-utils-2.21.0.jar:/Users/fatima/.m2/repository/org/apache/maven/surefire/surefire-grouper/2.21.0/surefire-grouper-2.21.0.jar:"/>
    <property name="sun.cpu.endian" value="little"/>
    <property name="user.home" value="/Users/fatima"/>
    <property name="user.language" value="en"/>
    <property name="java.specification.vendor" value="Oracle Corporation"/>
    <property name="java.version.date" value="2020-04-14"/>
    <property name="java.home" value="/Library/Java/JavaVirtualMachines/jdk-11.0.7.jdk/Contents/Home"/>
    <property name="file.separator" value="/"/>
    <property name="basedir" value="/Users/fatima/Desktop/Reza/JAVA/MavenDemoTest"/>
    <property name="java.vm.compressedOopsMode" value="Zero based"/>
    <property name="line.separator" value="&#10;"/>
    <property name="java.specification.name" value="Java Platform API Specification"/>
    <property name="java.vm.specification.vendor" value="Oracle Corporation"/>
    <property name="java.awt.graphicsenv" value="sun.awt.CGraphicsEnvironment"/>
    <property name="surefire.real.class.path" value="/Users/fatima/Desktop/Reza/JAVA/MavenDemoTest/target/surefire/surefirebooter6104811010256768615.jar"/>
    <property name="sun.management.compiler" value="HotSpot 64-Bit Tiered Compilers"/>
    <property name="ftp.nonProxyHosts" value="local|*.local|169.254/16|*.169.254/16"/>
    <property name="java.runtime.version" value="11.0.7+8-LTS"/>
    <property name="user.name" value="fatima"/>
    <property name="path.separator" value=":"/>
    <property name="os.version" value="10.14.6"/>
    <property name="java.runtime.name" value="Java(TM) SE Runtime Environment"/>
    <property name="file.encoding" value="UTF-8"/>
    <property name="java.vm.name" value="Java HotSpot(TM) 64-Bit Server VM"/>
    <property name="java.vendor.version" value="18.9"/>
    <property name="localRepository" value="/Users/fatima/.m2/repository"/>
    <property name="java.vendor.url.bug" value="https://bugreport.java.com/bugreport/"/>
    <property name="java.io.tmpdir" value="/var/folders/ry/cw9k08k53pv67rzmhppkp_b00000gn/T/"/>
    <property name="java.version" value="11.0.7"/>
    <property name="user.dir" value="/Users/fatima/Desktop/Reza/JAVA/MavenDemoTest"/>
    <property name="os.arch" value="x86_64"/>
    <property name="java.vm.specification.name" value="Java Virtual Machine Specification"/>
    <property name="java.awt.printerjob" value="sun.lwawt.macosx.CPrinterJob"/>
    <property name="sun.os.patch.level" value="unknown"/>
    <property name="java.library.path" value="/Users/fatima/Library/Java/Extensions:/Library/Java/Extensions:/Network/Library/Java/Extensions:/System/Library/Java/Extensions:/usr/lib/java:."/>
    <property name="java.vendor" value="Oracle Corporation"/>
    <property name="java.vm.info" value="mixed mode"/>
    <property name="java.vm.version" value="11.0.7+8-LTS"/>
    <property name="sun.io.unicode.encoding" value="UnicodeBig"/>
    <property name="java.class.version" value="55.0"/>
    <property name="socksNonProxyHosts" value="local|*.local|169.254/16|*.169.254/16"/>
  </properties>
  <testcase name="div" classname="com.qa.tests.DemoTest" time="0.013"/>
  <testcase name="multi" classname="com.qa.tests.DemoTest" time="0.001"/>
  <testcase name="sub" classname="com.qa.tests.DemoTest" time="0.001"/>
  <testcase name="sum" classname="com.qa.tests.DemoTest" time="0.002"/>
</testsuite>