<?xml version="1.0" encoding="UTF-8"?>
<!-- Generated by org.testng.reporters.JUnitReportReporter -->
<testsuite hostname="Fatimas-MBP" failures="0" tests="4" name="com.qa.tests.DemoTest" time="0.052" errors="0" timestamp="19 May 2020 04:14:07 GMT" skipped="0">
  <testcase classname="com.qa.tests.DemoTest" name="sub" time="0.005"/>
  <testcase classname="com.qa.tests.DemoTest" name="multi" time="0.010"/>
  <testcase classname="com.qa.tests.DemoTest" name="sum" time="0.007"/>
  <testcase classname="com.qa.tests.DemoTest" name="div" time="0.030"/>
</testsuite> <!-- com.qa.tests.DemoTest -->
